TN:verilator_coverage
SF:/home/user/test/scr1_pipe_ialu.sv
DA:33,0
DA:34,0
DA:35,0
DA:36,1
DA:40,5
DA:41,6
DA:42,0
DA:43,7
DA:44,0
DA:47,0
DA:48,0
DA:49,0
DA:101,7
DA:102,7
DA:103,4
DA:104,5
DA:105,3
DA:106,1
DA:109,0
DA:110,5
DA:111,11
DA:112,0
DA:113,4
DA:118,0
DA:119,0
DA:120,0
DA:121,0
DA:122,3
DA:123,0
DA:126,0
DA:127,0
DA:128,1
DA:132,0
DA:135,0
DA:136,0
DA:137,0
DA:138,0
DA:139,0
DA:140,0
DA:141,1
DA:142,0
DA:145,1
DA:146,1
DA:147,5
DA:148,6
DA:149,0
DA:150,0
DA:152,0
DA:160,1
DA:161,5
DA:162,6
DA:163,0
DA:164,0
DA:165,0
DA:166,0
DA:167,0
DA:168,0
DA:169,0
DA:172,0
DA:173,0
DA:174,0
DA:175,0
DA:178,0
DA:179,0
DA:180,0
DA:183,0
DA:184,0
DA:185,0
DA:186,0
DA:187,0
DA:188,0
DA:189,0
DA:204,1
DA:205,1
DA:206,1
DA:207,1
DA:209,1
DA:210,1
DA:211,1
DA:212,1
DA:213,1
DA:214,1
DA:217,1
DA:218,1
DA:219,1
DA:220,1
DA:255,1
DA:256,1
DA:257,1
DA:258,1
DA:259,0
DA:260,0
DA:261,68
DA:323,0
DA:324,0
DA:325,0
DA:340,0
DA:341,0
DA:342,0
DA:343,0
DA:344,0
DA:348,1
DA:349,1
DA:351,68
DA:352,0
DA:353,0
DA:354,0
DA:355,0
DA:357,0
DA:358,0
DA:359,0
DA:360,0
DA:362,0
DA:363,0
DA:456,1
DA:457,1
DA:458,1
DA:459,1
DA:460,1
DA:461,68
DA:462,0
DA:463,0
DA:464,0
DA:465,0
DA:466,0
DA:467,0
DA:468,0
DA:477,0
DA:478,0
DA:479,0
DA:491,1
DA:492,1
DA:493,1
DA:494,1
DA:495,1
DA:496,0
DA:500,0
DA:501,0
DA:502,0
DA:503,0
DA:504,0
DA:505,0
DA:506,0
DA:507,0
DA:508,0
DA:518,68
DA:520,1
DA:521,1
DA:522,1
DA:531,0
DA:532,0
DA:533,0
DA:534,0
DA:535,0
DA:556,1
DA:557,1
DA:558,1
DA:560,1
DA:563,1
DA:564,0
DA:565,0
DA:567,0
DA:568,0
DA:570,0
DA:571,0
DA:573,36
DA:574,36
DA:576,30
DA:577,30
DA:579,0
DA:580,0
DA:581,0
DA:583,0
DA:584,0
DA:585,0
DA:587,0
DA:588,0
DA:589,0
DA:591,0
DA:592,0
DA:593,0
DA:595,0
DA:596,0
DA:597,0
DA:599,0
DA:600,0
DA:601,0
DA:605,0
DA:606,0
DA:612,0
DA:614,0
DA:615,0
DA:616,0
DA:633,0
DA:634,0
DA:635,0
DA:636,0
DA:637,0
DA:638,0
DA:639,0
DA:641,0
DA:642,0
DA:643,0
DA:645,0
DA:646,0
DA:647,0
DA:648,0
DA:649,0
DA:654,2
end_of_record
SF:scr1_search_ms1.svh
DA:25,0
DA:29,0
DA:30,0
DA:31,0
DA:32,0
DA:36,0
DA:39,0
DA:53,0
DA:55,0
DA:56,0
DA:57,0
DA:61,0
DA:63,0
DA:64,0
DA:65,0
DA:69,0
DA:71,0
DA:72,0
DA:73,0
DA:77,0
DA:79,0
DA:80,0
DA:81,0
DA:85,0
DA:86,0
DA:88,0
DA:90,0
end_of_record
